[20:41:10] [main/INFO] (FabricLoader/GameProvider) Loading Minecraft 1.18.2 with Fabric Loader 0.14.7
[20:41:11] [main/INFO] (FabricLoader) Loading 50 mods:
	- fabric 0.55.1+1.18.2
	- fabric-api-base 0.4.4+d7c144a860
	- fabric-api-lookup-api-v1 1.6.1+2373a54560
	- fabric-biome-api-v1 8.0.4+7b0f312660
	- fabric-blockrenderlayer-v1 1.1.12+3ac43d9560
	- fabric-command-api-v1 1.1.9+d7c144a860
	- fabric-commands-v0 0.2.8+b4f4f6cd60
	- fabric-containers-v0 0.1.22+d7c144a860
	- fabric-content-registries-v0 3.0.6+d82b939260
	- fabric-convention-tags-v1 1.0.1+474e4f7960
	- fabric-crash-report-info-v1 0.2.1+ee261a3e60
	- fabric-data-generation-api-v1 3.0.0+9fcb91d260
	- fabric-dimensions-v1 2.1.19+ffb2c71e60
	- fabric-entity-events-v1 1.4.8+d7c144a860
	- fabric-events-interaction-v0 0.4.19+d7c144a860
	- fabric-events-lifecycle-v0 0.2.17+d7c144a860
	- fabric-game-rule-api-v1 1.0.13+d7c144a860
	- fabric-gametest-api-v1 1.0.18+91b7aa6660
	- fabric-item-api-v1 1.5.1+6c4e5d0960
	- fabric-item-groups-v0 0.3.13+91896a4960
	- fabric-key-binding-api-v1 1.0.12+54e5b2ec60
	- fabric-keybindings-v0 0.2.10+b4f4f6cd60
	- fabric-lifecycle-events-v1 2.0.4+d8d7804a60
	- fabric-loot-api-v2 1.0.0+e747827960
	- fabric-loot-tables-v1 1.1.0+e747827960
	- fabric-mining-level-api-v1 2.1.2+81ea5b3c60
	- fabric-models-v0 0.3.6+d7c144a860
	- fabric-networking-api-v1 1.0.22+e6b169eb60
	- fabric-networking-v0 0.3.9+b4f4f6cd60
	- fabric-object-builder-api-v1 2.1.2+032c981d60
	- fabric-particles-v1 0.2.12+526dc1ac60
	- fabric-registry-sync-v0 0.9.9+0d9ab37260
	- fabric-renderer-api-v1 0.4.13+d882b91560
	- fabric-renderer-indigo 0.5.0+7faf0d8860
	- fabric-renderer-registries-v1 3.2.11+b4f4f6cd60
	- fabric-rendering-data-attachment-v1 0.3.7+d7c144a860
	- fabric-rendering-fluids-v1 2.0.2+54e5b2ec60
	- fabric-rendering-v0 1.1.13+b4f4f6cd60
	- fabric-rendering-v1 1.10.7+54e5b2ec60
	- fabric-resource-conditions-api-v1 2.0.3+91b7aa6660
	- fabric-resource-loader-v0 0.5.1+e747827960
	- fabric-screen-api-v1 1.0.10+d882b91560
	- fabric-screen-handler-api-v1 1.2.1+1f6558e860
	- fabric-textures-v0 1.0.12+3ac43d9560
	- fabric-transfer-api-v1 1.6.2+f4563ac860
	- fabric-transitive-access-wideners-v1 1.1.0+e747827960
	- fabricloader 0.14.7
	- java 17
	- minecraft 1.18.2
	- tutorialmod 0.0.1
[20:41:12] [main/INFO] (FabricLoader/Mixin) SpongePowered MIXIN Subsystem Version=0.8.5 Source=file:/Users/minghui/.gradle/caches/modules-2/files-2.1/net.fabricmc/sponge-mixin/0.11.4+mixin.0.8.5/c1dc27696aa4006e492c2485c9ccbcb26045a971/sponge-mixin-0.11.4+mixin.0.8.5.jar Service=Knot/Fabric Env=CLIENT
[20:41:12] [main/INFO] (FabricLoader/Mixin) Loaded Fabric development mappings for mixin remapper!
[20:41:12] [main/INFO] (FabricLoader/Mixin) Compatibility level set to JAVA_16
[20:41:12] [main/INFO] (FabricLoader/Mixin) Compatibility level set to JAVA_17
[20:41:14] [main/WARN] (FileUtil) Configuration conflict: there is more than one oshi.properties file on the classpath
[20:41:14] [main/WARN] (FileUtil) Configuration conflict: there is more than one oshi.architecture.properties file on the classpath
[20:41:24] [Render thread/INFO] (Minecraft) Environment: authHost='https://authserver.mojang.com', accountsHost='https://api.mojang.com', sessionHost='https://sessionserver.mojang.com', servicesHost='https://api.minecraftservices.com', name='PROD'
[20:41:25] [Render thread/ERROR] (Minecraft) Failed to verify authentication
com.mojang.authlib.exceptions.InvalidCredentialsException: Status: 401
	at com.mojang.authlib.exceptions.MinecraftClientHttpException.toAuthenticationException(MinecraftClientHttpException.java:56) ~[authlib-3.3.39.jar:?]
	at com.mojang.authlib.yggdrasil.YggdrasilUserApiService.fetchProperties(YggdrasilUserApiService.java:132) ~[authlib-3.3.39.jar:?]
	at com.mojang.authlib.yggdrasil.YggdrasilUserApiService.<init>(YggdrasilUserApiService.java:44) ~[authlib-3.3.39.jar:?]
	at com.mojang.authlib.yggdrasil.YggdrasilAuthenticationService.createUserApiService(YggdrasilAuthenticationService.java:153) ~[authlib-3.3.39.jar:?]
	at net.minecraft.client.MinecraftClient.createUserApiService(MinecraftClient.java:680) [minecraft-project-@-merged-named.jar:?]
	at net.minecraft.client.MinecraftClient.<init>(MinecraftClient.java:424) [minecraft-project-@-merged-named.jar:?]
	at net.minecraft.client.main.Main.main(Main.java:197) [minecraft-project-@-merged-named.jar:?]
	at net.fabricmc.loader.impl.game.minecraft.MinecraftGameProvider.launch(MinecraftGameProvider.java:461) [fabric-loader-0.14.7.jar:?]
	at net.fabricmc.loader.impl.launch.knot.Knot.launch(Knot.java:74) [fabric-loader-0.14.7.jar:?]
	at net.fabricmc.loader.impl.launch.knot.KnotClient.main(KnotClient.java:23) [fabric-loader-0.14.7.jar:?]
	at net.fabricmc.devlaunchinjector.Main.main(Main.java:86) [dev-launch-injector-0.2.1+build.8.jar:?]
Caused by: com.mojang.authlib.exceptions.MinecraftClientHttpException: Status: 401
	at com.mojang.authlib.minecraft.client.MinecraftClient.readInputStream(MinecraftClient.java:78) ~[authlib-3.3.39.jar:?]
	at com.mojang.authlib.minecraft.client.MinecraftClient.get(MinecraftClient.java:48) ~[authlib-3.3.39.jar:?]
	at com.mojang.authlib.yggdrasil.YggdrasilUserApiService.fetchProperties(YggdrasilUserApiService.java:113) ~[authlib-3.3.39.jar:?]
	... 9 more
[20:41:25] [Render thread/INFO] (Minecraft) Setting user: Player552
[20:41:26] [Render thread/INFO] (tutorialmod) Registering Mod Items for tutorialmod
[20:41:26] [Render thread/INFO] (Indigo) [Indigo] Registering Indigo renderer!
[20:41:27] [Render thread/INFO] (Minecraft) Backend library: LWJGL version 3.2.1 build 12
[20:41:31] [Render thread/INFO] (Minecraft) Reloading ResourceManager: Default, Fabric Mods (Fabric Screen API (v1), Fabric Transitive Access Wideners (v1), Fabric Containers (v0), Fabric Renderer Registries (v1), Fabric Game Test API (v1), Fabric Transfer API (v1), Fabric Command API (v1), Fabric Screen Handler API (v1), Fabric Rendering Data Attachment (v1), Fabric Dimensions API (v1), Fabric Content Registries (v0), Fabric Registry Sync (v0), Fabric Crash Report Info (v1), Fabric Models (v0), Fabric Rendering (v0), Fabric API Base, Fabric Game Rule API (v1), Fabric Rendering (v1), Fabric Item API (v1), Fabric Key Bindings (v0), Fabric Particles (v1), Fabric Data Generation API (v1), Fabric Item Groups (v0), Fabric Biome API (v1), Fabric API, Fabric Renderer - Indigo, Fabric Loot Tables (v1), Fabric BlockRenderLayer Registration (v1), Fabric Rendering Fluids (v1), Fabric Renderer API (v1), Fabric Entity Events (v1), Fabric Networking (v0), Fabric Events Lifecycle (v0), Tutorial Mod, Fabric Convention Tags, Fabric Loader, Fabric Object Builder API (v1), Fabric Key Binding API (v1), Fabric Commands (v0), Fabric Networking API (v1), Fabric API Lookup API (v1), Fabric Lifecycle Events (v1), Fabric Mining Level API (v1), Fabric Loot API (v2), Fabric Textures (v0), Fabric Events Interaction (v0), Fabric Resource Conditions API (v1), Fabric Resource Loader (v0))
[20:41:31] [Render thread/INFO] (tutorialmod) This line is printed by an example mod mixin!
[20:41:31] [Realms Notification Availability checker #1/INFO] (Minecraft) Could not authorize you against Realms server: Invalid session id
[20:41:38] [Render thread/INFO] (Minecraft) OpenAL initialized on device CoreAudio Default
[20:41:38] [Render thread/INFO] (Minecraft) Sound engine started
[20:41:38] [Render thread/INFO] (Minecraft) Created: 1024x1024x4 minecraft:textures/atlas/blocks.png-atlas
[20:41:38] [Render thread/INFO] (Minecraft) Created: 256x128x4 minecraft:textures/atlas/signs.png-atlas
[20:41:38] [Render thread/INFO] (Minecraft) Created: 1024x512x4 minecraft:textures/atlas/banner_patterns.png-atlas
[20:41:38] [Render thread/INFO] (Minecraft) Created: 1024x512x4 minecraft:textures/atlas/shield_patterns.png-atlas
[20:41:38] [Render thread/INFO] (Minecraft) Created: 256x256x4 minecraft:textures/atlas/chest.png-atlas
[20:41:38] [Render thread/INFO] (Minecraft) Created: 512x256x4 minecraft:textures/atlas/beds.png-atlas
[20:41:38] [Render thread/INFO] (Minecraft) Created: 512x256x4 minecraft:textures/atlas/shulker_boxes.png-atlas
[20:41:42] [Render thread/INFO] (Minecraft) Created: 256x256x0 minecraft:textures/atlas/particles.png-atlas
[20:41:42] [Render thread/INFO] (Minecraft) Created: 256x256x0 minecraft:textures/atlas/paintings.png-atlas
[20:41:42] [Render thread/INFO] (Minecraft) Created: 256x128x0 minecraft:textures/atlas/mob_effects.png-atlas
[20:41:42] [Render thread/INFO] (tutorialmod) This line is printed by an example mod mixin!
[20:41:48] [Render thread/INFO] (tutorialmod) This line is printed by an example mod mixin!
[20:41:57] [Render thread/WARN] (Minecraft) Ambiguity between arguments [teleport, location] and [teleport, destination] with inputs: [0.1 -0.5 .9, 0 0 0]
[20:41:57] [Render thread/WARN] (Minecraft) Ambiguity between arguments [teleport, location] and [teleport, targets] with inputs: [0.1 -0.5 .9, 0 0 0]
[20:41:57] [Render thread/WARN] (Minecraft) Ambiguity between arguments [teleport, destination] and [teleport, targets] with inputs: [Player, 0123, @e, dd12be42-52a9-4a91-a8a1-11c01849e498]
[20:41:57] [Render thread/WARN] (Minecraft) Ambiguity between arguments [teleport, targets] and [teleport, destination] with inputs: [Player, 0123, dd12be42-52a9-4a91-a8a1-11c01849e498]
[20:41:57] [Render thread/WARN] (Minecraft) Ambiguity between arguments [teleport, targets, location] and [teleport, targets, destination] with inputs: [0.1 -0.5 .9, 0 0 0]
[20:41:58] [Render thread/INFO] (Minecraft) Loaded 7 recipes
[20:41:58] [Render thread/INFO] (Minecraft) Loaded 1141 advancements
[20:42:01] [Render thread/INFO] (Minecraft) Environment: authHost='https://authserver.mojang.com', accountsHost='https://api.mojang.com', sessionHost='https://sessionserver.mojang.com', servicesHost='https://api.minecraftservices.com', name='PROD'
[20:42:01] [Render thread/INFO] (BiomeModificationImpl) Applied 0 biome modifications to 0 of 61 new biomes in 3.421 ms
[20:42:01] [Server thread/INFO] (Minecraft) Starting integrated minecraft server version 1.18.2
[20:42:01] [Server thread/INFO] (Minecraft) Generating keypair
[20:42:04] [Server thread/INFO] (Minecraft) Preparing start region for dimension minecraft:overworld
[20:42:07] [Render thread/INFO] (Minecraft) Preparing spawn area: 0%
[20:42:07] [Render thread/INFO] (Minecraft) Preparing spawn area: 0%
[20:42:07] [Render thread/INFO] (Minecraft) Preparing spawn area: 0%
[20:42:07] [Render thread/INFO] (Minecraft) Preparing spawn area: 0%
[20:42:07] [Render thread/INFO] (Minecraft) Preparing spawn area: 0%
[20:42:07] [Render thread/INFO] (Minecraft) Preparing spawn area: 0%
[20:42:08] [Render thread/INFO] (Minecraft) Preparing spawn area: 0%
[20:42:08] [Render thread/INFO] (Minecraft) Preparing spawn area: 0%
[20:42:09] [Render thread/INFO] (Minecraft) Preparing spawn area: 0%
[20:42:09] [Render thread/INFO] (Minecraft) Preparing spawn area: 0%
[20:42:09] [Render thread/INFO] (Minecraft) Preparing spawn area: 0%
[20:42:10] [Render thread/INFO] (Minecraft) Preparing spawn area: 0%
[20:42:13] [Render thread/INFO] (Minecraft) Preparing spawn area: 0%
[20:42:13] [Render thread/INFO] (Minecraft) Preparing spawn area: 0%
[20:42:13] [Render thread/INFO] (Minecraft) Preparing spawn area: 0%
[20:42:13] [Render thread/INFO] (Minecraft) Preparing spawn area: 0%
[20:42:13] [Render thread/INFO] (Minecraft) Preparing spawn area: 0%
[20:42:13] [Render thread/INFO] (Minecraft) Preparing spawn area: 0%
[20:42:13] [Render thread/INFO] (Minecraft) Preparing spawn area: 0%
[20:42:14] [Render thread/INFO] (Minecraft) Preparing spawn area: 0%
[20:42:14] [Render thread/INFO] (Minecraft) Preparing spawn area: 0%
[20:42:16] [Render thread/INFO] (Minecraft) Preparing spawn area: 0%
[20:42:16] [Render thread/INFO] (Minecraft) Preparing spawn area: 0%
[20:42:16] [Render thread/INFO] (Minecraft) Preparing spawn area: 0%
[20:42:16] [Render thread/INFO] (Minecraft) Preparing spawn area: 5%
[20:42:17] [Render thread/INFO] (Minecraft) Preparing spawn area: 5%
[20:42:17] [Render thread/INFO] (Minecraft) Preparing spawn area: 5%
[20:42:18] [Render thread/INFO] (Minecraft) Preparing spawn area: 5%
[20:42:18] [Render thread/INFO] (Minecraft) Preparing spawn area: 5%
[20:42:22] [Render thread/INFO] (Minecraft) Preparing spawn area: 5%
[20:42:22] [Render thread/INFO] (Minecraft) Preparing spawn area: 5%
[20:42:22] [Render thread/INFO] (Minecraft) Preparing spawn area: 5%
[20:42:22] [Render thread/INFO] (Minecraft) Preparing spawn area: 5%
[20:42:22] [Render thread/INFO] (Minecraft) Preparing spawn area: 5%
[20:42:22] [Render thread/INFO] (Minecraft) Preparing spawn area: 5%
[20:42:22] [Render thread/INFO] (Minecraft) Preparing spawn area: 5%
[20:42:32] [Render thread/INFO] (Minecraft) Preparing spawn area: 42%
[20:42:32] [Render thread/INFO] (Minecraft) Preparing spawn area: 42%
[20:42:32] [Render thread/INFO] (Minecraft) Preparing spawn area: 42%
[20:42:32] [Render thread/INFO] (Minecraft) Preparing spawn area: 42%
[20:42:32] [Render thread/INFO] (Minecraft) Preparing spawn area: 42%
[20:42:32] [Render thread/INFO] (Minecraft) Preparing spawn area: 42%
[20:42:32] [Render thread/INFO] (Minecraft) Preparing spawn area: 42%
[20:42:32] [Render thread/INFO] (Minecraft) Preparing spawn area: 42%
[20:42:32] [Render thread/INFO] (Minecraft) Preparing spawn area: 42%
[20:42:32] [Render thread/INFO] (Minecraft) Preparing spawn area: 42%
[20:42:32] [Render thread/INFO] (Minecraft) Preparing spawn area: 42%
[20:42:32] [Render thread/INFO] (Minecraft) Preparing spawn area: 42%
[20:42:32] [Render thread/INFO] (Minecraft) Preparing spawn area: 42%
[20:42:32] [Render thread/INFO] (Minecraft) Preparing spawn area: 42%
[20:42:32] [Render thread/INFO] (Minecraft) Preparing spawn area: 42%
[20:42:32] [Render thread/INFO] (Minecraft) Preparing spawn area: 42%
[20:42:32] [Render thread/INFO] (Minecraft) Preparing spawn area: 42%
[20:42:32] [Render thread/INFO] (Minecraft) Preparing spawn area: 42%
[20:42:32] [Render thread/INFO] (Minecraft) Preparing spawn area: 42%
[20:42:32] [Render thread/INFO] (Minecraft) Preparing spawn area: 42%
[20:42:37] [Render thread/INFO] (Minecraft) Preparing spawn area: 89%
[20:42:37] [Render thread/INFO] (Minecraft) Preparing spawn area: 89%
[20:42:37] [Render thread/INFO] (Minecraft) Preparing spawn area: 90%
[20:42:37] [Render thread/INFO] (Minecraft) Preparing spawn area: 90%
[20:42:37] [Render thread/INFO] (Minecraft) Preparing spawn area: 90%
[20:42:37] [Render thread/INFO] (Minecraft) Preparing spawn area: 90%
[20:42:37] [Render thread/INFO] (Minecraft) Preparing spawn area: 90%
[20:42:37] [Render thread/INFO] (Minecraft) Preparing spawn area: 90%
[20:42:37] [Render thread/INFO] (Minecraft) Preparing spawn area: 90%
[20:42:37] [Render thread/INFO] (Minecraft) Preparing spawn area: 90%
[20:42:37] [Render thread/INFO] (Minecraft) Preparing spawn area: 91%
[20:42:38] [Render thread/INFO] (Minecraft) Time elapsed: 33720 ms
[20:42:38] [Server thread/INFO] (Minecraft) Changing view distance to 12, from 10
[20:42:38] [Server thread/INFO] (Minecraft) Changing simulation distance to 12, from 0
[20:42:41] [Server thread/INFO] (Minecraft) Player552[local:E:dc5c8210] logged in with entity id 1 at (1.5, -60.0, 1.5)
[20:42:41] [Server thread/INFO] (Minecraft) Player552 joined the game
[20:42:43] [Render thread/INFO] (Minecraft) Loaded 0 advancements
[20:42:44] [Server thread/INFO] (Minecraft) Saving and pausing game...
[20:42:44] [Server thread/INFO] (Minecraft) Saving chunks for level 'ServerLevel[New World]'/minecraft:overworld
[20:42:47] [Server thread/INFO] (Minecraft) Saving chunks for level 'ServerLevel[New World]'/minecraft:the_nether
[20:42:47] [Server thread/INFO] (Minecraft) Saving chunks for level 'ServerLevel[New World]'/minecraft:the_end
[20:42:47] [Server thread/WARN] (Minecraft) Can't keep up! Is the server overloaded? Running 3524ms or 70 ticks behind
[20:42:51] [Render thread/INFO] (Minecraft) Loaded 3 advancements
[20:42:55] [Render thread/INFO] (Minecraft) Loaded 5 advancements
[20:43:03] [Server thread/INFO] (Minecraft) Saving and pausing game...
[20:43:03] [Server thread/INFO] (Minecraft) Saving chunks for level 'ServerLevel[New World]'/minecraft:overworld
[20:43:04] [Server thread/INFO] (Minecraft) Saving chunks for level 'ServerLevel[New World]'/minecraft:the_nether
[20:43:04] [Server thread/INFO] (Minecraft) Saving chunks for level 'ServerLevel[New World]'/minecraft:the_end
[20:43:04] [Server thread/WARN] (Minecraft) Can't keep up! Is the server overloaded? Running 2461ms or 49 ticks behind
[20:43:23] [Server thread/WARN] (Minecraft) Can't keep up! Is the server overloaded? Running 4018ms or 80 ticks behind
[20:43:23] [Render thread/INFO] (Minecraft) Loaded 6 advancements
[20:44:10] [Server thread/INFO] (Minecraft) Saving and pausing game...
[20:44:10] [Server thread/INFO] (Minecraft) Saving chunks for level 'ServerLevel[New World]'/minecraft:overworld
[20:44:10] [Server thread/INFO] (Minecraft) Saving chunks for level 'ServerLevel[New World]'/minecraft:the_nether
[20:44:10] [Server thread/INFO] (Minecraft) Saving chunks for level 'ServerLevel[New World]'/minecraft:the_end
[20:44:24] [Server thread/INFO] (Minecraft) Saving and pausing game...
[20:44:24] [Server thread/INFO] (Minecraft) Saving chunks for level 'ServerLevel[New World]'/minecraft:overworld
[20:44:24] [Server thread/INFO] (Minecraft) Saving chunks for level 'ServerLevel[New World]'/minecraft:the_nether
[20:44:24] [Server thread/INFO] (Minecraft) Saving chunks for level 'ServerLevel[New World]'/minecraft:the_end
[20:44:59] [Server thread/INFO] (Minecraft) Player552 lost connection: Disconnected
[20:44:59] [Server thread/INFO] (Minecraft) Player552 left the game
[20:44:59] [Server thread/INFO] (Minecraft) Stopping singleplayer server as player logged out
[20:44:59] [Server thread/INFO] (Minecraft) Stopping server
[20:44:59] [Server thread/INFO] (Minecraft) Saving players
[20:44:59] [Server thread/INFO] (Minecraft) Saving worlds
[20:45:11] [Server thread/INFO] (Minecraft) Saving chunks for level 'ServerLevel[New World]'/minecraft:overworld
[20:45:11] [Server thread/INFO] (Minecraft) Saving chunks for level 'ServerLevel[New World]'/minecraft:the_nether
[20:45:11] [Server thread/INFO] (Minecraft) Saving chunks for level 'ServerLevel[New World]'/minecraft:the_end
[20:45:11] [Server thread/INFO] (Minecraft) ThreadedAnvilChunkStorage (New World): All chunks are saved
[20:45:11] [Server thread/INFO] (Minecraft) ThreadedAnvilChunkStorage (DIM-1): All chunks are saved
[20:45:11] [Server thread/INFO] (Minecraft) ThreadedAnvilChunkStorage (DIM1): All chunks are saved
[20:45:11] [Server thread/INFO] (Minecraft) ThreadedAnvilChunkStorage: All dimensions are saved
[20:45:13] [Render thread/INFO] (tutorialmod) This line is printed by an example mod mixin!
[20:45:17] [Render thread/INFO] (Minecraft) Deleting level New World
[20:45:17] [Render thread/INFO] (Minecraft) Attempt 1...
[20:45:18] [Render thread/INFO] (tutorialmod) This line is printed by an example mod mixin!
[20:45:19] [Render thread/INFO] (Minecraft) Stopping!
